01/15/16 02:13:19 [1616][1][FATAL] SugarPHPMailer encountered an error: The following From address failed: steven@simplicity-apps.com
01/15/16 02:14:37 [1616][1][FATAL] SugarPHPMailer encountered an error: SMTP Error: Data not accepted.
01/15/16 02:16:49 [1616][1][FATAL] SugarPHPMailer encountered an error: SMTP Error: Data not accepted.
01/15/16 02:17:44 [1616][1][FATAL] SugarPHPMailer encountered an error: SMTP Error: Data not accepted.
01/15/16 02:21:23 [1616][1][FATAL] SugarPHPMailer encountered an error: SMTP Error: Data not accepted.
01/15/16 02:22:01 [1616][1][FATAL] SugarPHPMailer encountered an error: SMTP Error: Data not accepted.
01/16/16 14:51:35 [1616][-none-][FATAL] SECURITY: User authentication for admin failed
01/16/16 14:51:35 [1616][-none-][FATAL] FAILED LOGIN:attempts[1] - admin
01/16/16 19:04:06 [1616][-none-][FATAL] FAILED LOGIN:attempts[1] - 
01/19/16 19:52:25 [1860][-none-][FATAL] SECURITY: User authentication for steven failed
01/19/16 19:52:25 [1860][-none-][FATAL] FAILED LOGIN:attempts[1] - steven
01/22/16 16:24:41 [1860][-none-][FATAL] SECURITY: User authentication for steven failed
01/22/16 16:24:41 [1860][-none-][FATAL] FAILED LOGIN:attempts[1] - steven
01/22/16 16:24:49 [1860][-none-][FATAL] SECURITY: User authentication for steven failed
01/22/16 16:24:49 [1860][-none-][FATAL] FAILED LOGIN:attempts[2] - steven
01/22/16 16:24:58 [1860][-none-][FATAL] SECURITY: User authentication for admin failed
01/22/16 16:24:58 [1860][-none-][FATAL] FAILED LOGIN:attempts[3] - admin
01/22/16 16:27:20 [1860][-none-][FATAL] SECURITY: User authentication for chris failed
01/22/16 16:27:20 [1860][-none-][FATAL] FAILED LOGIN:attempts[1] - chris
01/22/16 16:27:26 [1860][-none-][FATAL] FAILED LOGIN:attempts[2] - chris
01/22/16 16:30:13 [1860][-none-][FATAL] FAILED LOGIN:attempts[1] - chris
02/14/16 18:18:25 [1836][-none-][FATAL] SECURITY: User authentication for steven failed
02/14/16 18:18:25 [1836][-none-][FATAL] FAILED LOGIN:attempts[1] - steven
02/14/16 18:18:46 [1836][-none-][FATAL] SECURITY: User authentication for steven failed
02/14/16 18:18:46 [1836][-none-][FATAL] FAILED LOGIN:attempts[2] - steven
02/14/16 18:18:58 [1836][-none-][FATAL] SECURITY: User authentication for steven failed
02/14/16 18:18:58 [1836][-none-][FATAL] FAILED LOGIN:attempts[3] - steven
02/14/16 18:19:27 [1836][-none-][FATAL] SECURITY: User authentication for admin failed
02/14/16 18:19:27 [1836][-none-][FATAL] FAILED LOGIN:attempts[4] - admin
02/14/16 18:19:56 [1836][-none-][FATAL] SECURITY: User authentication for admin failed
02/14/16 18:19:56 [1836][-none-][FATAL] FAILED LOGIN:attempts[5] - admin
